<?xml version="1.0" encoding="UTF-8"?>
<testsuite name="Hacer una reserva en Viva Air" tests="1" skipped="0" failures="1" errors="0" timestamp="2021-03-26T22:27:45" hostname="CPX-RA459SCQ1JF" time="56.113">
  <properties/>
  <testcase name="Hacer la  reserva más barata para mañana entre Bogota - Medellin" classname="Hacer una reserva en Viva Air" time="56.113">
    <failure message="java.lang.AssertionError: &#10;Expected: is &lt;157925&gt;&#10;     but: was &lt;228575&gt;" type="java.lang.AssertionError">java.lang.AssertionError: 
Expected: is &lt;157925&gt;
     but: was &lt;228575&gt;
	at net.serenitybdd.screenplay.ErrorTally.throwSummaryExceptionFrom(ErrorTally.java:36)
	at net.serenitybdd.screenplay.ErrorTally.reportAnyErrors(ErrorTally.java:30)
	at net.serenitybdd.screenplay.Actor.should(Actor.java:316)
	at com.accenture.screenplay.stepdefinitions.ReservarVueloStepDefinitions.sameReservationPrice(ReservarVueloStepDefinitions.java:55)
	at ✽.El valor inicial del vuelo deberia ser el mismo al final de la transaccion(src/test/resources/features/reservar_vuelo.feature:9)
</failure>
  </testcase>
  <system-out><![CDATA[]]></system-out>
  <system-err><![CDATA[mar 26, 2021 5:27:46 PM org.openqa.selenium.remote.DesiredCapabilities chrome
INFO: Using `new ChromeOptions()` is preferred to `DesiredCapabilities.chrome()`
[Test worker] INFO net.serenitybdd.core.webdriver.driverproviders.ProvideNewDriver - Instantiating driver
[Test worker] INFO net.serenitybdd.core.webdriver.driverproviders.ProvideNewDriver - Driver capabilities: Capabilities {acceptInsecureCerts: false, browserName: chrome, chrome.switches: --lang=es,--start-maximized, goog:chromeOptions: {args: [--lang=es, --start-maximized], extensions: []}, loggingPrefs: org.openqa.selenium.logging..., platform: ANY, version: }
Starting ChromeDriver 89.0.4389.23 (61b08ee2c50024bab004e48d2b1b083cdbdac579-refs/branch-heads/4389@{#294}) on port 26340
Only local connections are allowed.
Please see https://chromedriver.chromium.org/security-considerations for suggestions on keeping ChromeDriver safe.
ChromeDriver was started successfully.
mar 26, 2021 5:27:50 PM org.openqa.selenium.remote.ProtocolHandshake createSession
INFO: Detected dialect: W3C
[Test worker] ERROR net.thucydides.core.steps.ConsoleLoggingListener - 
           __  _____ _____ ____ _____   _____ _    ___ _     _____ ____  
  _       / / |_   _| ____/ ___|_   _| |  ___/ \  |_ _| |   | ____|  _ \ 
 (_)_____| |    | | |  _| \___ \ | |   | |_ / _ \  | || |   |  _| | | | |
  _|_____| |    | | | |___ ___) || |   |  _/ ___ \ | || |___| |___| |_| |
 (_)     | |    |_| |_____|____/ |_|   |_|/_/   \_\___|_____|_____|____/ 
          \_\                                                            

TEST FAILED: Hacer la  reserva más barata para mañana entre Bogota - Medellin
--------------------------------------------------------------------------
[Test worker] ERROR net.thucydides.core.steps.ConsoleLoggingListener - TEST FAILED AT STEP Then El precio inicial es igual al de la confirmaciÃ³n de la reserva should be (157925)
[Test worker] ERROR net.thucydides.core.steps.ConsoleLoggingListener - Expected: is <157925> but: was <228575>
]]></system-err>
</testsuite>
